<?xml version="1.0" encoding="UTF-8"?>
<!-- Generated by org.testng.reporters.JUnitXMLReporter -->
<testsuite ignored="4" hostname="Asiwajus-MacBook-Air.local" failures="11" tests="11" name="Command line test" time="28.408" errors="0" timestamp="2022-11-23T11:31:46 WAT">
  <testcase classname="AndroidTest" name="headerVerify" time="0.003">
    <failure type="java.lang.NullPointerException">
      <![CDATA[java.lang.NullPointerException
at AndroidTest.headerVerify(AndroidTest.java:42)
at java.base/java.util.ArrayList.forEach(ArrayList.java:1541)
... Removed 37 stack frames]]>
    </failure>
  </testcase> <!-- headerVerify -->
  <testcase classname="AndroidTest" name="addTask" time="0.001">
    <failure type="java.lang.NullPointerException">
      <![CDATA[java.lang.NullPointerException
at AndroidTest.addTask(AndroidTest.java:50)
at java.base/java.util.ArrayList.forEach(ArrayList.java:1541)
... Removed 37 stack frames]]>
    </failure>
  </testcase> <!-- addTask -->
  <testcase classname="AndroidTest" name="createTitle" time="0.0">
    <failure type="java.lang.NullPointerException">
      <![CDATA[java.lang.NullPointerException
at AndroidTest.createTitle(AndroidTest.java:65)
at java.base/java.util.ArrayList.forEach(ArrayList.java:1541)
... Removed 37 stack frames]]>
    </failure>
  </testcase> <!-- createTitle -->
  <testcase classname="AndroidTest" name="textBoxVerify" time="0.0">
    <failure type="java.lang.NullPointerException">
      <![CDATA[java.lang.NullPointerException
at AndroidTest.textBoxVerify(AndroidTest.java:75)
at java.base/java.util.ArrayList.forEach(ArrayList.java:1541)
... Removed 37 stack frames]]>
    </failure>
  </testcase> <!-- textBoxVerify -->
  <testcase classname="AndroidTest" name="textBoxClick" time="0.0">
    <failure type="java.lang.NullPointerException">
      <![CDATA[java.lang.NullPointerException
at AndroidTest.textBoxClick(AndroidTest.java:82)
at java.base/java.util.ArrayList.forEach(ArrayList.java:1541)
... Removed 37 stack frames]]>
    </failure>
  </testcase> <!-- textBoxClick -->
  <testcase classname="AndroidTest" name="noteIconVerify" time="0.0">
    <failure type="java.lang.NullPointerException">
      <![CDATA[java.lang.NullPointerException
at AndroidTest.noteIconVerify(AndroidTest.java:89)
at java.base/java.util.ArrayList.forEach(ArrayList.java:1541)
... Removed 37 stack frames]]>
    </failure>
  </testcase> <!-- noteIconVerify -->
  <testcase classname="AndroidTest" name="backBtnClick" time="0.0">
    <failure type="java.lang.NullPointerException">
      <![CDATA[java.lang.NullPointerException
at AndroidTest.backBtnClick(AndroidTest.java:96)
at java.base/java.util.ArrayList.forEach(ArrayList.java:1541)
... Removed 37 stack frames]]>
    </failure>
  </testcase> <!-- backBtnClick -->
  <testcase classname="AndroidTest" name="hamBurgerVerify" time="0.0">
    <failure type="java.lang.NullPointerException">
      <![CDATA[java.lang.NullPointerException
at AndroidTest.hamBurgerVerify(AndroidTest.java:103)
at java.base/java.util.ArrayList.forEach(ArrayList.java:1541)
... Removed 37 stack frames]]>
    </failure>
  </testcase> <!-- hamBurgerVerify -->
  <testcase classname="AndroidTest" name="hamBurgerClick" time="0.0">
    <failure type="java.lang.NullPointerException">
      <![CDATA[java.lang.NullPointerException
at AndroidTest.hamBurgerClick(AndroidTest.java:110)
at java.base/java.util.ArrayList.forEach(ArrayList.java:1541)
... Removed 37 stack frames]]>
    </failure>
  </testcase> <!-- hamBurgerClick -->
  <testcase classname="AndroidTest" name="menuIconVerify" time="0.0">
    <failure type="java.lang.NullPointerException">
      <![CDATA[java.lang.NullPointerException
at AndroidTest.menuIconVerify(AndroidTest.java:117)
at java.base/java.util.ArrayList.forEach(ArrayList.java:1541)
... Removed 37 stack frames]]>
    </failure>
  </testcase> <!-- menuIconVerify -->
  <testcase classname="AndroidTest" name="closeDriver" time="0.0">
    <failure type="java.lang.NullPointerException">
      <![CDATA[java.lang.NullPointerException
at AndroidTest.closeDriver(AndroidTest.java:124)
at java.base/java.util.ArrayList.forEach(ArrayList.java:1541)
... Removed 37 stack frames]]>
    </failure>
  </testcase> <!-- closeDriver -->
  <testcase classname="TestReport" name="@BeforeSuite reportSetUp" time="0.0">
    <ignored/>
  </testcase> <!-- @BeforeSuite reportSetUp -->
  <testcase classname="TestReport" name="@BeforeSuite reportSetUp" time="0.0">
    <ignored/>
  </testcase> <!-- @BeforeSuite reportSetUp -->
  <testcase classname="TestReport" name="@AfterSuite reportTearDown" time="0.0">
    <ignored/>
  </testcase> <!-- @AfterSuite reportTearDown -->
  <testcase classname="TestReport" name="@AfterSuite reportTearDown" time="0.0">
    <ignored/>
  </testcase> <!-- @AfterSuite reportTearDown -->
</testsuite> <!-- Command line test -->
