<?xml version="1.0" encoding="UTF-8"?>
<!-- Generated by org.testng.reporters.JUnitXMLReporter -->
<testsuite ignored="0" hostname="Asiwajus-MacBook-Air.local" failures="0" tests="11" name="E2E Test" time="124.121" errors="0" timestamp="2022-11-23T16:00:37 WAT">
  <testcase classname="AndroidTest" name="headerVerify" time="3.119"/>
  <testcase classname="AndroidTest" name="addTask" time="2.462"/>
  <testcase classname="AndroidTest" name="createTitle" time="21.623"/>
  <testcase classname="AndroidTest" name="textBoxVerify" time="0.88"/>
  <testcase classname="AndroidTest" name="textBoxClick" time="0.472"/>
  <testcase classname="AndroidTest" name="noteIconVerify" time="2.241"/>
  <testcase classname="AndroidTest" name="backBtnClick" time="0.391"/>
  <testcase classname="AndroidTest" name="hamBurgerVerify" time="1.467"/>
  <testcase classname="AndroidTest" name="hamBurgerClick" time="0.189"/>
  <testcase classname="AndroidTest" name="menuIconVerify" time="0.972"/>
  <testcase classname="AndroidTest" name="closeDriver" time="3.373"/>
</testsuite> <!-- E2E Test -->
