<?xml version="1.0" encoding="UTF-8"?>
<testng-results ignored="0" total="11" passed="11" failed="0" skipped="0">
  <reporter-output>
  </reporter-output>
  <suite started-at="2022-11-23T15:58:32 WAT" name="Note Mobile App" finished-at="2022-11-23T16:00:36 WAT" duration-ms="124121">
    <groups>
    </groups>
    <test started-at="2022-11-23T15:58:32 WAT" name="E2E Test" finished-at="2022-11-23T16:00:36 WAT" duration-ms="124121">
      <class name="AndroidTest">
        <test-method is-config="true" signature="reportSetUp()[pri:0, instance:AndroidTest@6574a52c]" started-at="2022-11-23T15:58:32 WAT" name="reportSetUp" finished-at="2022-11-23T15:58:32 WAT" duration-ms="189" status="PASS">
          <reporter-output>
          </reporter-output>
        </test-method> <!-- reportSetUp -->
        <test-method is-config="true" signature="setup()[pri:0, instance:AndroidTest@6574a52c]" started-at="2022-11-23T15:58:32 WAT" name="setup" finished-at="2022-11-23T15:59:59 WAT" duration-ms="86558" status="PASS">
          <reporter-output>
          </reporter-output>
        </test-method> <!-- setup -->
        <test-method signature="headerVerify()[pri:1, instance:AndroidTest@6574a52c]" started-at="2022-11-23T15:59:59 WAT" name="headerVerify" finished-at="2022-11-23T16:00:02 WAT" duration-ms="3119" status="PASS">
          <reporter-output>
          </reporter-output>
        </test-method> <!-- headerVerify -->
        <test-method signature="addTask()[pri:2, instance:AndroidTest@6574a52c]" started-at="2022-11-23T16:00:02 WAT" name="addTask" finished-at="2022-11-23T16:00:05 WAT" duration-ms="2462" status="PASS">
          <reporter-output>
          </reporter-output>
        </test-method> <!-- addTask -->
        <test-method signature="createTitle(java.lang.String,java.lang.String)[pri:3, instance:AndroidTest@6574a52c]" started-at="2022-11-23T16:00:05 WAT" name="createTitle" data-provider="results" finished-at="2022-11-23T16:00:26 WAT" duration-ms="21623" status="PASS">
          <params>
            <param index="0">
              <value>
                <![CDATA[Ms Itzel Parra]]>
              </value>
            </param>
            <param index="1">
              <value>
                <![CDATA[2011-07-07T01:44:24.069Z]]>
              </value>
            </param>
          </params>
          <reporter-output>
          </reporter-output>
        </test-method> <!-- createTitle -->
        <test-method signature="textBoxVerify()[pri:4, instance:AndroidTest@6574a52c]" started-at="2022-11-23T16:00:26 WAT" name="textBoxVerify" finished-at="2022-11-23T16:00:27 WAT" duration-ms="880" status="PASS">
          <reporter-output>
          </reporter-output>
        </test-method> <!-- textBoxVerify -->
        <test-method signature="textBoxClick()[pri:5, instance:AndroidTest@6574a52c]" started-at="2022-11-23T16:00:27 WAT" name="textBoxClick" finished-at="2022-11-23T16:00:28 WAT" duration-ms="472" status="PASS">
          <reporter-output>
          </reporter-output>
        </test-method> <!-- textBoxClick -->
        <test-method signature="noteIconVerify()[pri:6, instance:AndroidTest@6574a52c]" started-at="2022-11-23T16:00:28 WAT" name="noteIconVerify" finished-at="2022-11-23T16:00:30 WAT" duration-ms="2241" status="PASS">
          <reporter-output>
          </reporter-output>
        </test-method> <!-- noteIconVerify -->
        <test-method signature="backBtnClick()[pri:7, instance:AndroidTest@6574a52c]" started-at="2022-11-23T16:00:30 WAT" name="backBtnClick" finished-at="2022-11-23T16:00:30 WAT" duration-ms="391" status="PASS">
          <reporter-output>
          </reporter-output>
        </test-method> <!-- backBtnClick -->
        <test-method signature="hamBurgerVerify()[pri:8, instance:AndroidTest@6574a52c]" started-at="2022-11-23T16:00:30 WAT" name="hamBurgerVerify" finished-at="2022-11-23T16:00:32 WAT" duration-ms="1467" status="PASS">
          <reporter-output>
          </reporter-output>
        </test-method> <!-- hamBurgerVerify -->
        <test-method signature="hamBurgerClick()[pri:9, instance:AndroidTest@6574a52c]" started-at="2022-11-23T16:00:32 WAT" name="hamBurgerClick" finished-at="2022-11-23T16:00:32 WAT" duration-ms="189" status="PASS">
          <reporter-output>
          </reporter-output>
        </test-method> <!-- hamBurgerClick -->
        <test-method signature="menuIconVerify()[pri:10, instance:AndroidTest@6574a52c]" started-at="2022-11-23T16:00:32 WAT" name="menuIconVerify" finished-at="2022-11-23T16:00:33 WAT" duration-ms="972" status="PASS">
          <reporter-output>
          </reporter-output>
        </test-method> <!-- menuIconVerify -->
        <test-method signature="closeDriver()[pri:11, instance:AndroidTest@6574a52c]" started-at="2022-11-23T16:00:33 WAT" name="closeDriver" finished-at="2022-11-23T16:00:36 WAT" duration-ms="3373" status="PASS">
          <reporter-output>
          </reporter-output>
        </test-method> <!-- closeDriver -->
        <test-method is-config="true" signature="reportTearDown()[pri:0, instance:AndroidTest@6574a52c]" started-at="2022-11-23T16:00:37 WAT" name="reportTearDown" finished-at="2022-11-23T16:00:37 WAT" duration-ms="623" status="PASS">
          <reporter-output>
          </reporter-output>
        </test-method> <!-- reportTearDown -->
      </class> <!-- AndroidTest -->
    </test> <!-- E2E Test -->
  </suite> <!-- Note Mobile App -->
</testng-results>
