<?xml version="1.0" encoding="UTF-8"?>
<testsuite xmlns:xsi="http://www.w3.org/2001/XMLSchema-instance" xsi:noNamespaceSchemaLocation="https://maven.apache.org/surefire/maven-surefire-plugin/xsd/surefire-test-report-3.0.xsd" version="3.0" name="TestSuite" time="126.036" tests="11" errors="0" skipped="0" failures="0">
  <properties>
[...]
</properties>
  <testcase name="headerVerify" classname="AndroidTest" time="3.051">
    <system-err><![CDATA[SLF4J: Failed to load class "org.slf4j.impl.StaticLoggerBinder".
SLF4J: Defaulting to no-operation (NOP) logger implementation
SLF4J: See http://www.slf4j.org/codes.html#StaticLoggerBinder for further details.
]]></system-err>
  </testcase>
  <testcase name="addTask" classname="AndroidTest" time="2.429"/>
  <testcase name="createTitle[Ms Itzel Parra, 2011-07-07T01:44:24.069Z](1)" classname="AndroidTest" time="21.742"/>
  <testcase name="textBoxVerify" classname="AndroidTest" time="0.879"/>
  <testcase name="textBoxClick" classname="AndroidTest" time="0.478"/>
  <testcase name="noteIconVerify" classname="AndroidTest" time="2.244"/>
  <testcase name="backBtnClick" classname="AndroidTest" time="0.39"/>
  <testcase name="hamBurgerVerify" classname="AndroidTest" time="1.466"/>
  <testcase name="hamBurgerClick" classname="AndroidTest" time="0.189"/>
  <testcase name="menuIconVerify" classname="AndroidTest" time="0.973"/>
  <testcase name="closeDriver" classname="AndroidTest" time="3.379"/>
</testsuite>